Flow report for xlr8_top
Wed Sep 28 12:43:11 2016
Quartus Prime Version 16.0.0 Build 211 04/27/2016 SJ Lite Edition


---------------------
; Table of Contents ;
---------------------
  1. Legal Notice
  2. Flow Summary
  3. Flow Settings
  4. Flow Non-Default Global Settings
  5. Flow Elapsed Time
  6. Flow OS Summary
  7. Flow Log
  8. Flow Messages
  9. Flow Suppressed Messages



----------------
; Legal Notice ;
----------------
Copyright (C) 1991-2016 Altera Corporation. All rights reserved.
Your use of Altera Corporation's design tools, logic functions 
and other software and tools, and its AMPP partner logic 
functions, and any output files from any of the foregoing 
(including device programming or simulation files), and any 
associated documentation or information are expressly subject 
to the terms and conditions of the Altera Program License 
Subscription Agreement, the Altera Quartus Prime License Agreement,
the Altera MegaCore Function License Agreement, or other 
applicable license agreement, including, without limitation, 
that your use is for the sole purpose of programming logic 
devices manufactured by Altera and sold by Altera or its 
authorized distributors.  Please refer to the applicable 
agreement for further details.



+----------------------------------------------------------------------------------+
; Flow Summary                                                                     ;
+------------------------------------+---------------------------------------------+
; Flow Status                        ; Successful - Wed Sep 28 12:43:11 2016       ;
; Quartus Prime Version              ; 16.0.0 Build 211 04/27/2016 SJ Lite Edition ;
; Revision Name                      ; xlr8_top                                    ;
; Top-level Entity Name              ; xlr8_top                                    ;
; Family                             ; MAX 10                                      ;
; Device                             ; 10M08SAU169C8G                              ;
; Timing Models                      ; Final                                       ;
; Total logic elements               ; 5,981 / 8,064 ( 74 % )                      ;
;     Total combinational functions  ; 5,712 / 8,064 ( 71 % )                      ;
;     Dedicated logic registers      ; 2,279 / 8,064 ( 28 % )                      ;
; Total registers                    ; 2279                                        ;
; Total pins                         ; 45 / 130 ( 35 % )                           ;
; Total virtual pins                 ; 0                                           ;
; Total memory bits                  ; 280,576 / 387,072 ( 72 % )                  ;
; Embedded Multiplier 9-bit elements ; 4 / 48 ( 8 % )                              ;
; Total PLLs                         ; 1 / 1 ( 100 % )                             ;
; UFM blocks                         ; 1 / 1 ( 100 % )                             ;
; ADC blocks                         ; 1 / 1 ( 100 % )                             ;
+------------------------------------+---------------------------------------------+


+-----------------------------------------+
; Flow Settings                           ;
+-------------------+---------------------+
; Option            ; Setting             ;
+-------------------+---------------------+
; Start date & time ; 09/28/2016 12:34:29 ;
; Main task         ; Compilation         ;
; Revision Name     ; xlr8_top            ;
+-------------------+---------------------+


+--------------------------------------------------------------------------------------------------------------------------------------------------------------------------------+
; Flow Non-Default Global Settings                                                                                                                                               ;
+--------------------------------------+------------------------------------------------------------------------------------------+---------------+-------------+----------------+
; Assignment Name                      ; Value                                                                                    ; Default Value ; Entity Name ; Section Id     ;
+--------------------------------------+------------------------------------------------------------------------------------------+---------------+-------------+----------------+
; COMPILER_SIGNATURE_ID                ; 0.147508406804470                                                                        ; --            ; --          ; --             ;
; EDA_DESIGN_INSTANCE_NAME             ; NA                                                                                       ; --            ; --          ; xlr8_tb        ;
; EDA_EXTRA_ELAB_OPTION                ; modelsim=-sv_lib ../../../../../XLR8Core/extras/modelsim_windows/uc_top_wrap_64          ; --            ; --          ; eda_simulation ;
; EDA_MAINTAIN_DESIGN_HIERARCHY        ; On                                                                                       ; --            ; --          ; eda_simulation ;
; EDA_NATIVELINK_SIMULATION_TEST_BENCH ; xlr8_tb                                                                                  ; --            ; --          ; eda_simulation ;
; EDA_OUTPUT_DATA_FORMAT               ; Verilog Hdl                                                                              ; --            ; --          ; eda_simulation ;
; EDA_SIMULATION_TOOL                  ; ModelSim-Altera (Verilog)                                                                ; <None>        ; --          ; --             ;
; EDA_TEST_BENCH_ENABLE_STATUS         ; TEST_BENCH_MODE                                                                          ; --            ; --          ; eda_simulation ;
; EDA_TEST_BENCH_FILE                  ; ../modelsim/xlr8_board.v                                                                 ; --            ; --          ; xlr8_tb        ;
; EDA_TEST_BENCH_FILE                  ; ../modelsim/xlr8_sim_support.sv                                                          ; --            ; --          ; xlr8_tb        ;
; EDA_TEST_BENCH_FILE                  ; ../modelsim/xlr8_tb.sv                                                                   ; --            ; --          ; xlr8_tb        ;
; EDA_TEST_BENCH_FILE                  ; ../../../XLR8Core/extras/modelsim_windows/uc_top_wrap_dpi.sv                             ; --            ; --          ; xlr8_tb        ;
; EDA_TEST_BENCH_FILE                  ; ../../../XLR8Core/extras/modelsim_windows/xlr8_atmega328clone.sv                         ; --            ; --          ; xlr8_tb        ;
; EDA_TEST_BENCH_MODULE_NAME           ; xlr8_tb                                                                                  ; --            ; --          ; xlr8_tb        ;
; EDA_TEST_BENCH_NAME                  ; xlr8_tb                                                                                  ; --            ; --          ; eda_simulation ;
; EDA_TIME_SCALE                       ; 1 ps                                                                                     ; --            ; --          ; eda_simulation ;
; FLOW_ENABLE_POWER_ANALYZER           ; On                                                                                       ; Off           ; --          ; --             ;
; MAX_CORE_JUNCTION_TEMP               ; 85                                                                                       ; --            ; --          ; --             ;
; MIN_CORE_JUNCTION_TEMP               ; 0                                                                                        ; --            ; --          ; --             ;
; MISC_FILE                            ; ../../../XLR8Core/extras/rtl/ip/int_osc/int_osc/synthesis/../int_osc.cmp                 ; --            ; --          ; --             ;
; MISC_FILE                            ; ../../../XLR8Core/extras/rtl/ip/int_osc/int_osc/synthesis/../../int_osc.qsys             ; --            ; --          ; --             ;
; MISC_FILE                            ; ../../../XLR8Core/extras/rtl/ip/int_osc/int_osc/simulation/../../int_osc.qsys            ; --            ; --          ; --             ;
; MISC_FILE                            ; ../../../XLR8Core/extras/rtl/ip/int_osc/int_osc/simulation/int_osc.v                     ; --            ; --          ; --             ;
; MISC_FILE                            ; ../../../XLR8Core/extras/rtl/ip/int_osc/int_osc/simulation/submodules/altera_int_osc.v   ; --            ; --          ; --             ;
; MISC_FILE                            ; ../../../XLR8Core/extras/rtl/ip/int_osc/int_osc/simulation/submodules/altera_int_osc.sdc ; --            ; --          ; --             ;
; MISC_FILE                            ; ../../../XLR8Core/extras/rtl/ip/pll16/pll16_bb.v                                         ; --            ; --          ; --             ;
; MISC_FILE                            ; ../../../XLR8Core/extras/rtl/ip/pll16/pll16.ppf                                          ; --            ; --          ; --             ;
; MISC_FILE                            ; ../../../XLR8Core/extras/rtl/ip/ram2p16384x16/ram2p16384x16_bb.v                         ; --            ; --          ; --             ;
; MISC_FILE                            ; ../../../XLR8Core/extras/rtl/ip/ram2p16384x16/ram2p16384x16_syn.v                        ; --            ; --          ; --             ;
; OUTPUT_IO_TIMING_FAR_END_VMEAS       ; Half Signal Swing                                                                        ; --            ; --          ; --             ;
; OUTPUT_IO_TIMING_FAR_END_VMEAS       ; Half Signal Swing                                                                        ; --            ; --          ; --             ;
; OUTPUT_IO_TIMING_NEAR_END_VMEAS      ; Half Vccio                                                                               ; --            ; --          ; --             ;
; OUTPUT_IO_TIMING_NEAR_END_VMEAS      ; Half Vccio                                                                               ; --            ; --          ; --             ;
; PARTITION_COLOR                      ; 16764057                                                                                 ; --            ; --          ; Top            ;
; PARTITION_FITTER_PRESERVATION_LEVEL  ; PLACEMENT_AND_ROUTING                                                                    ; --            ; --          ; Top            ;
; PARTITION_NETLIST_TYPE               ; SOURCE                                                                                   ; --            ; --          ; Top            ;
; POWER_BOARD_THERMAL_MODEL            ; None (CONSERVATIVE)                                                                      ; --            ; --          ; --             ;
; POWER_DEFAULT_INPUT_IO_TOGGLE_RATE   ; 12.5 %                                                                                   ; 12.5%         ; --          ; --             ;
; POWER_DEFAULT_TOGGLE_RATE            ; 12.5 %                                                                                   ; 12.5%         ; --          ; --             ;
; POWER_PRESET_COOLING_SOLUTION        ; 23 MM HEAT SINK WITH 200 LFPM AIRFLOW                                                    ; --            ; --          ; --             ;
; POWER_USE_PVA                        ; Off                                                                                      ; On            ; --          ; --             ;
; PROJECT_OUTPUT_DIRECTORY             ; output_files                                                                             ; --            ; --          ; --             ;
; SEARCH_PATH                          ; ../../../XLR8Core/extras/rtl                                                             ; --            ; --          ; --             ;
; SLD_FILE                             ; ../../../XLR8Core/extras/rtl/ip/int_osc/int_osc/synthesis/int_osc.debuginfo              ; --            ; --          ; --             ;
; SLD_INFO                             ; QSYS_NAME int_osc HAS_SOPCINFO 1 GENERATION_ID 1452834338                                ; --            ; int_osc     ; --             ;
; SOPCINFO_FILE                        ; ../../../XLR8Core/extras/rtl/ip/int_osc/int_osc/synthesis/../../int_osc.sopcinfo         ; --            ; --          ; --             ;
; SPD_FILE                             ; ../../../XLR8Core/extras/rtl/ip/int_osc/int_osc/simulation/../int_osc.spd                ; --            ; --          ; --             ;
; SYNTHESIS_ONLY_QIP                   ; On                                                                                       ; --            ; --          ; --             ;
; VCCA_USER_VOLTAGE                    ; 3.3V                                                                                     ; --            ; --          ; --             ;
; VERILOG_INPUT_VERSION                ; SystemVerilog_2005                                                                       ; Verilog_2001  ; --          ; --             ;
; VERILOG_SHOW_LMF_MAPPING_MESSAGES    ; Off                                                                                      ; --            ; --          ; --             ;
+--------------------------------------+------------------------------------------------------------------------------------------+---------------+-------------+----------------+


+-------------------------------------------------------------------------------------------------------------------------------+
; Flow Elapsed Time                                                                                                             ;
+---------------------------+--------------+-------------------------+---------------------+------------------------------------+
; Module Name               ; Elapsed Time ; Average Processors Used ; Peak Virtual Memory ; Total CPU Time (on all processors) ;
+---------------------------+--------------+-------------------------+---------------------+------------------------------------+
; Analysis & Synthesis      ; 00:02:00     ; 1.0                     ; 1264 MB             ; 00:00:49                           ;
; Fitter                    ; 00:04:23     ; 1.0                     ; 1508 MB             ; 00:01:54                           ;
; Assembler                 ; 00:00:05     ; 1.0                     ; 1089 MB             ; 00:00:02                           ;
; PowerPlay Power Analyzer  ; 00:00:54     ; 1.0                     ; 1187 MB             ; 00:00:23                           ;
; TimeQuest Timing Analyzer ; 00:00:47     ; 1.0                     ; 1177 MB             ; 00:00:20                           ;
; EDA Netlist Writer        ; 00:00:09     ; 1.0                     ; 1438 MB             ; 00:00:04                           ;
; Total                     ; 00:08:18     ; --                      ; --                  ; 00:03:32                           ;
+---------------------------+--------------+-------------------------+---------------------+------------------------------------+


+---------------------------------------------------------------------------------------------+
; Flow OS Summary                                                                             ;
+---------------------------+------------------+----------------+------------+----------------+
; Module Name               ; Machine Hostname ; OS Name        ; OS Version ; Processor type ;
+---------------------------+------------------+----------------+------------+----------------+
; Analysis & Synthesis      ; bryan-VirtualBox ; Ubuntu 16.04.1 ; 16         ; x86_64         ;
; Fitter                    ; bryan-VirtualBox ; Ubuntu 16.04.1 ; 16         ; x86_64         ;
; Assembler                 ; bryan-VirtualBox ; Ubuntu 16.04.1 ; 16         ; x86_64         ;
; PowerPlay Power Analyzer  ; bryan-VirtualBox ; Ubuntu 16.04.1 ; 16         ; x86_64         ;
; TimeQuest Timing Analyzer ; bryan-VirtualBox ; Ubuntu 16.04.1 ; 16         ; x86_64         ;
; EDA Netlist Writer        ; bryan-VirtualBox ; Ubuntu 16.04.1 ; 16         ; x86_64         ;
+---------------------------+------------------+----------------+------------+----------------+


------------
; Flow Log ;
------------
quartus_map --read_settings_files=on --write_settings_files=off xlr8_top -c xlr8_top
quartus_fit --read_settings_files=off --write_settings_files=off xlr8_top -c xlr8_top
quartus_asm --read_settings_files=off --write_settings_files=off xlr8_top -c xlr8_top
quartus_pow --read_settings_files=off --write_settings_files=off xlr8_top -c xlr8_top
quartus_sta xlr8_top -c xlr8_top
quartus_eda --read_settings_files=off --write_settings_files=off xlr8_top -c xlr8_top



